This file contains any messages produced by compilers while
running configure, to aid debugging if configure makes a mistake.

It was created by libxdiff configure 0.23, which was
generated by GNU Autoconf 2.61.  Invocation command line was

  $ ./configure --build=aarch64-unknown-linux-gnu

## --------- ##
## Platform. ##
## --------- ##

hostname = 025bd58ef796
uname -m = aarch64
uname -r = 5.10.104-linuxkit
uname -s = Linux
uname -v = #1 SMP PREEMPT Thu Mar 17 17:05:54 UTC 2022

/usr/bin/uname -p = unknown
/bin/uname -X     = unknown

/bin/arch              = unknown
/usr/bin/arch -k       = unknown
/usr/convex/getsysinfo = unknown
/usr/bin/hostinfo      = unknown
/bin/machine           = unknown
/usr/bin/oslevel       = unknown
/bin/universe          = unknown

PATH: /usr/local/sbin
PATH: /usr/local/bin
PATH: /usr/sbin
PATH: /usr/bin
PATH: /sbin
PATH: /bin


## ----------- ##
## Core tests. ##
## ----------- ##

configure:1970: checking for a BSD-compatible install
configure:2026: result: /usr/bin/install -c
configure:2037: checking whether build environment is sane
configure:2080: result: yes
configure:2145: checking for gawk
configure:2175: result: no
configure:2145: checking for mawk
configure:2161: found /usr/bin/mawk
configure:2172: result: mawk
configure:2183: checking whether make sets $(MAKE)
configure:2204: result: yes
configure:2391: checking whether make sets $(MAKE)
configure:2412: result: yes
configure:2469: checking for gcc
configure:2485: found /usr/bin/gcc
configure:2496: result: gcc
configure:2734: checking for C compiler version
configure:2741: gcc --version >&5
gcc (Debian 8.3.0-6) 8.3.0
Copyright (C) 2018 Free Software Foundation, Inc.
This is free software; see the source for copying conditions.  There is NO
warranty; not even for MERCHANTABILITY or FITNESS FOR A PARTICULAR PURPOSE.

configure:2744: $? = 0
configure:2751: gcc -v >&5
Using built-in specs.
COLLECT_GCC=gcc
COLLECT_LTO_WRAPPER=/usr/lib/gcc/aarch64-linux-gnu/8/lto-wrapper
Target: aarch64-linux-gnu
Configured with: ../src/configure -v --with-pkgversion='Debian 8.3.0-6' --with-bugurl=file:///usr/share/doc/gcc-8/README.Bugs --enable-languages=c,ada,c++,go,d,fortran,objc,obj-c++ --prefix=/usr --with-gcc-major-version-only --program-suffix=-8 --program-prefix=aarch64-linux-gnu- --enable-shared --enable-linker-build-id --libexecdir=/usr/lib --without-included-gettext --enable-threads=posix --libdir=/usr/lib --enable-nls --enable-bootstrap --enable-clocale=gnu --enable-libstdcxx-debug --enable-libstdcxx-time=yes --with-default-libstdcxx-abi=new --enable-gnu-unique-object --disable-libquadmath --disable-libquadmath-support --enable-plugin --enable-default-pie --with-system-zlib --disable-libphobos --enable-multiarch --enable-fix-cortex-a53-843419 --disable-werror --enable-checking=release --build=aarch64-linux-gnu --host=aarch64-linux-gnu --target=aarch64-linux-gnu
Thread model: posix
gcc version 8.3.0 (Debian 8.3.0-6) 
configure:2754: $? = 0
configure:2761: gcc -V >&5
gcc: error: unrecognized command line option '-V'
gcc: fatal error: no input files
compilation terminated.
configure:2764: $? = 1
configure:2787: checking for C compiler default output file name
configure:2814: gcc    conftest.c  >&5
configure:2817: $? = 0
configure:2855: result: a.out
configure:2872: checking whether the C compiler works
configure:2882: ./a.out
configure:2885: $? = 0
configure:2902: result: yes
configure:2909: checking whether we are cross compiling
configure:2911: result: no
configure:2914: checking for suffix of executables
configure:2921: gcc -o conftest    conftest.c  >&5
configure:2924: $? = 0
configure:2948: result: 
configure:2954: checking for suffix of object files
configure:2980: gcc -c   conftest.c >&5
configure:2983: $? = 0
configure:3006: result: o
configure:3010: checking whether we are using the GNU C compiler
configure:3039: gcc -c   conftest.c >&5
configure:3045: $? = 0
configure:3062: result: yes
configure:3067: checking whether gcc accepts -g
configure:3097: gcc -c -g  conftest.c >&5
configure:3103: $? = 0
configure:3202: result: yes
configure:3219: checking for gcc option to accept ISO C89
configure:3293: gcc  -c -g -O2  conftest.c >&5
configure:3299: $? = 0
configure:3322: result: none needed
configure:3351: checking for style of include used by make
configure:3379: result: GNU
configure:3407: checking dependency style of gcc
configure:3497: result: gcc3
configure:3557: checking for ranlib
configure:3573: found /usr/bin/ranlib
configure:3584: result: ranlib
configure:3623: checking for a BSD-compatible install
configure:3679: result: /usr/bin/install -c
configure:3768: checking build system type
configure:3786: result: aarch64-unknown-linux-gnu
configure:3808: checking host system type
configure:3823: result: aarch64-unknown-linux-gnu
configure:3845: checking for a sed that does not truncate output
configure:3901: result: /bin/sed
configure:3904: checking for grep that handles long lines and -e
configure:3978: result: /bin/grep
configure:3983: checking for egrep
configure:4061: result: /bin/grep -E
configure:4077: checking for ld used by gcc
configure:4144: result: /usr/bin/ld
configure:4153: checking if the linker (/usr/bin/ld) is GNU ld
configure:4168: result: yes
configure:4173: checking for /usr/bin/ld option to reload object files
configure:4180: result: -r
configure:4198: checking for BSD-compatible nm
configure:4247: result: /usr/bin/nm -B
configure:4251: checking whether ln -s works
configure:4255: result: yes
configure:4262: checking how to recognize dependent libraries
configure:4448: result: pass_all
configure:4693: checking how to run the C preprocessor
configure:4733: gcc -E  conftest.c
configure:4739: $? = 0
configure:4770: gcc -E  conftest.c
conftest.c:10:10: fatal error: ac_nonexistent.h: No such file or directory
 #include <ac_nonexistent.h>
          ^~~~~~~~~~~~~~~~~~
compilation terminated.
configure:4776: $? = 1
configure: failed program was:
| /* confdefs.h.  */
| #define PACKAGE_NAME "libxdiff"
| #define PACKAGE_TARNAME "libxdiff"
| #define PACKAGE_VERSION "0.23"
| #define PACKAGE_STRING "libxdiff 0.23"
| #define PACKAGE_BUGREPORT ""
| #define PACKAGE "libxdiff"
| #define VERSION "0.23"
| /* end confdefs.h.  */
| #include <ac_nonexistent.h>
configure:4809: result: gcc -E
configure:4838: gcc -E  conftest.c
configure:4844: $? = 0
configure:4875: gcc -E  conftest.c
conftest.c:10:10: fatal error: ac_nonexistent.h: No such file or directory
 #include <ac_nonexistent.h>
          ^~~~~~~~~~~~~~~~~~
compilation terminated.
configure:4881: $? = 1
configure: failed program was:
| /* confdefs.h.  */
| #define PACKAGE_NAME "libxdiff"
| #define PACKAGE_TARNAME "libxdiff"
| #define PACKAGE_VERSION "0.23"
| #define PACKAGE_STRING "libxdiff 0.23"
| #define PACKAGE_BUGREPORT ""
| #define PACKAGE "libxdiff"
| #define VERSION "0.23"
| /* end confdefs.h.  */
| #include <ac_nonexistent.h>
configure:4919: checking for ANSI C header files
configure:4949: gcc -c -g -O2  conftest.c >&5
configure:4955: $? = 0
configure:5054: gcc -o conftest -g -O2   conftest.c  >&5
configure:5057: $? = 0
configure:5063: ./conftest
configure:5066: $? = 0
configure:5083: result: yes
configure:5107: checking for sys/types.h
configure:5128: gcc -c -g -O2  conftest.c >&5
configure:5134: $? = 0
configure:5150: result: yes
configure:5107: checking for sys/stat.h
configure:5128: gcc -c -g -O2  conftest.c >&5
configure:5134: $? = 0
configure:5150: result: yes
configure:5107: checking for stdlib.h
configure:5128: gcc -c -g -O2  conftest.c >&5
configure:5134: $? = 0
configure:5150: result: yes
configure:5107: checking for string.h
configure:5128: gcc -c -g -O2  conftest.c >&5
configure:5134: $? = 0
configure:5150: result: yes
configure:5107: checking for memory.h
configure:5128: gcc -c -g -O2  conftest.c >&5
configure:5134: $? = 0
configure:5150: result: yes
configure:5107: checking for strings.h
configure:5128: gcc -c -g -O2  conftest.c >&5
configure:5134: $? = 0
configure:5150: result: yes
configure:5107: checking for inttypes.h
configure:5128: gcc -c -g -O2  conftest.c >&5
configure:5134: $? = 0
configure:5150: result: yes
configure:5107: checking for stdint.h
configure:5128: gcc -c -g -O2  conftest.c >&5
configure:5134: $? = 0
configure:5150: result: yes
configure:5107: checking for unistd.h
configure:5128: gcc -c -g -O2  conftest.c >&5
configure:5134: $? = 0
configure:5150: result: yes
configure:5177: checking dlfcn.h usability
configure:5194: gcc -c -g -O2  conftest.c >&5
configure:5200: $? = 0
configure:5214: result: yes
configure:5218: checking dlfcn.h presence
configure:5233: gcc -E  conftest.c
configure:5239: $? = 0
configure:5253: result: yes
configure:5281: checking for dlfcn.h
configure:5289: result: yes
configure:5360: checking for g++
configure:5376: found /usr/bin/g++
configure:5387: result: g++
configure:5418: checking for C++ compiler version
configure:5425: g++ --version >&5
g++ (Debian 8.3.0-6) 8.3.0
Copyright (C) 2018 Free Software Foundation, Inc.
This is free software; see the source for copying conditions.  There is NO
warranty; not even for MERCHANTABILITY or FITNESS FOR A PARTICULAR PURPOSE.

configure:5428: $? = 0
configure:5435: g++ -v >&5
Using built-in specs.
COLLECT_GCC=g++
COLLECT_LTO_WRAPPER=/usr/lib/gcc/aarch64-linux-gnu/8/lto-wrapper
Target: aarch64-linux-gnu
Configured with: ../src/configure -v --with-pkgversion='Debian 8.3.0-6' --with-bugurl=file:///usr/share/doc/gcc-8/README.Bugs --enable-languages=c,ada,c++,go,d,fortran,objc,obj-c++ --prefix=/usr --with-gcc-major-version-only --program-suffix=-8 --program-prefix=aarch64-linux-gnu- --enable-shared --enable-linker-build-id --libexecdir=/usr/lib --without-included-gettext --enable-threads=posix --libdir=/usr/lib --enable-nls --enable-bootstrap --enable-clocale=gnu --enable-libstdcxx-debug --enable-libstdcxx-time=yes --with-default-libstdcxx-abi=new --enable-gnu-unique-object --disable-libquadmath --disable-libquadmath-support --enable-plugin --enable-default-pie --with-system-zlib --disable-libphobos --enable-multiarch --enable-fix-cortex-a53-843419 --disable-werror --enable-checking=release --build=aarch64-linux-gnu --host=aarch64-linux-gnu --target=aarch64-linux-gnu
Thread model: posix
gcc version 8.3.0 (Debian 8.3.0-6) 
configure:5438: $? = 0
configure:5445: g++ -V >&5
g++: error: unrecognized command line option '-V'
g++: fatal error: no input files
compilation terminated.
configure:5448: $? = 1
configure:5451: checking whether we are using the GNU C++ compiler
configure:5480: g++ -c   conftest.cpp >&5
configure:5486: $? = 0
configure:5503: result: yes
configure:5508: checking whether g++ accepts -g
configure:5538: g++ -c -g  conftest.cpp >&5
configure:5544: $? = 0
configure:5643: result: yes
configure:5668: checking dependency style of g++
configure:5758: result: gcc3
configure:5785: checking how to run the C++ preprocessor
configure:5821: g++ -E  conftest.cpp
configure:5827: $? = 0
configure:5858: g++ -E  conftest.cpp
conftest.cpp:21:10: fatal error: ac_nonexistent.h: No such file or directory
 #include <ac_nonexistent.h>
          ^~~~~~~~~~~~~~~~~~
compilation terminated.
configure:5864: $? = 1
configure: failed program was:
| /* confdefs.h.  */
| #define PACKAGE_NAME "libxdiff"
| #define PACKAGE_TARNAME "libxdiff"
| #define PACKAGE_VERSION "0.23"
| #define PACKAGE_STRING "libxdiff 0.23"
| #define PACKAGE_BUGREPORT ""
| #define PACKAGE "libxdiff"
| #define VERSION "0.23"
| #define STDC_HEADERS 1
| #define HAVE_SYS_TYPES_H 1
| #define HAVE_SYS_STAT_H 1
| #define HAVE_STDLIB_H 1
| #define HAVE_STRING_H 1
| #define HAVE_MEMORY_H 1
| #define HAVE_STRINGS_H 1
| #define HAVE_INTTYPES_H 1
| #define HAVE_STDINT_H 1
| #define HAVE_UNISTD_H 1
| #define HAVE_DLFCN_H 1
| /* end confdefs.h.  */
| #include <ac_nonexistent.h>
configure:5897: result: g++ -E
configure:5926: g++ -E  conftest.cpp
configure:5932: $? = 0
configure:5963: g++ -E  conftest.cpp
conftest.cpp:21:10: fatal error: ac_nonexistent.h: No such file or directory
 #include <ac_nonexistent.h>
          ^~~~~~~~~~~~~~~~~~
compilation terminated.
configure:5969: $? = 1
configure: failed program was:
| /* confdefs.h.  */
| #define PACKAGE_NAME "libxdiff"
| #define PACKAGE_TARNAME "libxdiff"
| #define PACKAGE_VERSION "0.23"
| #define PACKAGE_STRING "libxdiff 0.23"
| #define PACKAGE_BUGREPORT ""
| #define PACKAGE "libxdiff"
| #define VERSION "0.23"
| #define STDC_HEADERS 1
| #define HAVE_SYS_TYPES_H 1
| #define HAVE_SYS_STAT_H 1
| #define HAVE_STDLIB_H 1
| #define HAVE_STRING_H 1
| #define HAVE_MEMORY_H 1
| #define HAVE_STRINGS_H 1
| #define HAVE_INTTYPES_H 1
| #define HAVE_STDINT_H 1
| #define HAVE_UNISTD_H 1
| #define HAVE_DLFCN_H 1
| /* end confdefs.h.  */
| #include <ac_nonexistent.h>
configure:6062: checking for g77
configure:6092: result: no
configure:6062: checking for xlf
configure:6092: result: no
configure:6062: checking for f77
configure:6092: result: no
configure:6062: checking for frt
configure:6092: result: no
configure:6062: checking for pgf77
configure:6092: result: no
configure:6062: checking for cf77
configure:6092: result: no
configure:6062: checking for fort77
configure:6092: result: no
configure:6062: checking for fl32
configure:6092: result: no
configure:6062: checking for af77
configure:6092: result: no
configure:6062: checking for xlf90
configure:6092: result: no
configure:6062: checking for f90
configure:6092: result: no
configure:6062: checking for pgf90
configure:6092: result: no
configure:6062: checking for pghpf
configure:6092: result: no
configure:6062: checking for epcf90
configure:6092: result: no
configure:6062: checking for gfortran
configure:6092: result: no
configure:6062: checking for g95
configure:6092: result: no
configure:6062: checking for xlf95
configure:6092: result: no
configure:6062: checking for f95
configure:6092: result: no
configure:6062: checking for fort
configure:6092: result: no
configure:6062: checking for ifort
configure:6092: result: no
configure:6062: checking for ifc
configure:6092: result: no
configure:6062: checking for efc
configure:6092: result: no
configure:6062: checking for pgf95
configure:6092: result: no
configure:6062: checking for lf95
configure:6092: result: no
configure:6062: checking for ftn
configure:6092: result: no
configure:6119: checking for Fortran 77 compiler version
configure:6126:  --version >&5
./configure: line 6127: --version: command not found
configure:6129: $? = 127
configure:6136:  -v >&5
./configure: line 6137: -v: command not found
configure:6139: $? = 127
configure:6146:  -V >&5
./configure: line 6147: -V: command not found
configure:6149: $? = 127
configure:6157: checking whether we are using the GNU Fortran 77 compiler
configure:6176:  -c  conftest.F >&5
./configure: line 6177: -c: command not found
configure:6182: $? = 127
configure: failed program was:
|       program main
| #ifndef __GNUC__
|        choke me
| #endif
| 
|       end
configure:6199: result: no
configure:6205: checking whether  accepts -g
configure:6222:  -c -g conftest.f >&5
./configure: line 6223: -c: command not found
configure:6228: $? = 127
configure: failed program was:
|       program main
| 
|       end
configure:6244: result: no
configure:6273: checking the maximum length of command line arguments
configure:6385: result: 1572864
configure:6397: checking command to parse /usr/bin/nm -B output from gcc object
configure:6502: gcc -c -g -O2  conftest.c >&5
configure:6505: $? = 0
configure:6509: /usr/bin/nm -B conftest.o \| sed -n -e 's/^.*[ 	]\([ABCDGIRSTW][ABCDGIRSTW]*\)[ 	][ 	]*\([_A-Za-z][_A-Za-z0-9]*\)$/\1 \2 \2/p' \> conftest.nm
configure:6512: $? = 0
configure:6564: gcc -o conftest -g -O2   conftest.c conftstm.o >&5
configure:6567: $? = 0
configure:6605: result: ok
configure:6609: checking for objdir
configure:6624: result: .libs
configure:6716: checking for ar
configure:6732: found /usr/bin/ar
configure:6743: result: ar
configure:6812: checking for ranlib
configure:6839: result: ranlib
configure:6908: checking for strip
configure:6924: found /usr/bin/strip
configure:6935: result: strip
configure:7533: checking if gcc supports -fno-rtti -fno-exceptions
configure:7556: gcc -c -g -O2  -fno-rtti -fno-exceptions conftest.c >&5
cc1: warning: command line option '-fno-rtti' is valid for C++/ObjC++ but not for C
configure:7560: $? = 0
configure:7568: result: no
configure:7558: checking for gcc option to produce PIC
configure:7790: result: -fPIC
configure:7798: checking if gcc PIC flag -fPIC works
configure:7846: gcc -c -g -O2  -fPIC -DPIC conftest.c >&5
configure:7850: $? = 0
configure:7833: result: yes
configure:7832: checking if gcc static flag -static works
configure:7860: result: yes
configure:7870: checking if gcc supports -c -o file.o
configure:7950: gcc -c -g -O2  -o out/conftest2.o conftest.c >&5
configure:7954: $? = 0
configure:7893: result: yes
configure:7919: checking whether the gcc linker (/usr/bin/ld) supports shared libraries
configure:8900: result: yes
configure:8921: checking whether -lc should be explicitly linked in
configure:8926: gcc -c -g -O2  conftest.c >&5
configure:8929: $? = 0
configure:8944: gcc -shared conftest.o  -v -Wl,-soname -Wl,conftest -o conftest 2\>\&1 \| grep  -lc  \>/dev/null 2\>\&1
configure:8947: $? = 0
configure:8959: result: no
configure:8967: checking dynamic linker characteristics
configure:9581: result: GNU/Linux ld.so
configure:9605: checking how to hardcode library paths into programs
configure:9630: result: immediate
configure:9644: checking whether stripping libraries is possible
configure:9649: result: yes
configure:10451: checking if libtool supports shared libraries
configure:10453: result: yes
configure:10456: checking whether to build shared libraries
configure:10477: result: yes
configure:10480: checking whether to build static libraries
configure:10484: result: yes
configure:10578: creating libtool
configure:11171: checking for ld used by g++
configure:11238: result: /usr/bin/ld
configure:11247: checking if the linker (/usr/bin/ld) is GNU ld
configure:11262: result: yes
configure:11313: checking whether the g++ linker (/usr/bin/ld) supports shared libraries
configure:12259: result: yes
configure:12276: g++ -c -g -O2  conftest.cpp >&5
configure:12279: $? = 0
configure:12435: checking for g++ option to produce PIC
configure:12719: result: -fPIC
configure:12727: checking if g++ PIC flag -fPIC works
configure:12828: g++ -c -g -O2  -fPIC -DPIC conftest.cpp >&5
configure:12832: $? = 0
configure:12762: result: yes
configure:12790: checking if g++ static flag -static works
configure:12818: result: yes
configure:12828: checking if g++ supports -c -o file.o
configure:12932: g++ -c -g -O2  -o out/conftest2.o conftest.cpp >&5
configure:12936: $? = 0
configure:12875: result: yes
configure:12901: checking whether the g++ linker (/usr/bin/ld) supports shared libraries
configure:12930: result: yes
configure:12997: checking dynamic linker characteristics
configure:13559: result: GNU/Linux ld.so
configure:13583: checking how to hardcode library paths into programs
configure:13608: result: immediate
configure:19859: checking for ANSI C header files
configure:20023: result: yes
configure:20049: checking stdio.h usability
configure:20066: gcc -c -g -O2  conftest.c >&5
configure:20072: $? = 0
configure:20086: result: yes
configure:20090: checking stdio.h presence
configure:20105: gcc -E  conftest.c
configure:20111: $? = 0
configure:20125: result: yes
configure:20153: checking for stdio.h
configure:20161: result: yes
configure:20049: checking limits.h usability
configure:20066: gcc -c -g -O2  conftest.c >&5
configure:20072: $? = 0
configure:20086: result: yes
configure:20090: checking limits.h presence
configure:20105: gcc -E  conftest.c
configure:20111: $? = 0
configure:20125: result: yes
configure:20153: checking for limits.h
configure:20161: result: yes
configure:20175: checking for inline
configure:20201: gcc -c -g -O2  conftest.c >&5
configure:20207: $? = 0
configure:20225: result: inline
configure:20244: checking for working volatile
configure:20273: gcc -c -g -O2  conftest.c >&5
configure:20279: $? = 0
configure:20294: result: yes
configure:20304: checking for an ANSI C-conforming const
configure:20379: gcc -c -g -O2  conftest.c >&5
configure:20385: $? = 0
configure:20400: result: yes
configure:20410: checking whether byte ordering is bigendian
configure:20443: gcc -c -g -O2  conftest.c >&5
configure:20449: $? = 0
configure:20481: gcc -c -g -O2  conftest.c >&5
conftest.c: In function 'main':
conftest.c:31:2: error: unknown type name 'not'; did you mean 'ino_t'?
  not big endian
  ^~~
  ino_t
conftest.c:31:10: error: expected '=', ',', ';', 'asm' or '__attribute__' before 'endian'
  not big endian
          ^~~~~~
configure:20487: $? = 1
configure: failed program was:
| /* confdefs.h.  */
| #define PACKAGE_NAME "libxdiff"
| #define PACKAGE_TARNAME "libxdiff"
| #define PACKAGE_VERSION "0.23"
| #define PACKAGE_STRING "libxdiff 0.23"
| #define PACKAGE_BUGREPORT ""
| #define PACKAGE "libxdiff"
| #define VERSION "0.23"
| #define STDC_HEADERS 1
| #define HAVE_SYS_TYPES_H 1
| #define HAVE_SYS_STAT_H 1
| #define HAVE_STDLIB_H 1
| #define HAVE_STRING_H 1
| #define HAVE_MEMORY_H 1
| #define HAVE_STRINGS_H 1
| #define HAVE_INTTYPES_H 1
| #define HAVE_STDINT_H 1
| #define HAVE_UNISTD_H 1
| #define HAVE_DLFCN_H 1
| #define STDC_HEADERS 1
| #define HAVE_STDIO_H 1
| #define HAVE_LIMITS_H 1
| /* end confdefs.h.  */
| #include <sys/types.h>
| #include <sys/param.h>
| 
| int
| main ()
| {
| #if BYTE_ORDER != BIG_ENDIAN
|  not big endian
| #endif
| 
|   ;
|   return 0;
| }
configure:20627: result: no
configure:20658: checking for memset
configure:20714: gcc -o conftest -g -O2   conftest.c  >&5
conftest.c:47:6: warning: conflicting types for built-in function 'memset' [-Wbuiltin-declaration-mismatch]
 char memset ();
      ^~~~~~
configure:20720: $? = 0
configure:20738: result: yes
configure:20658: checking for memcmp
configure:20714: gcc -o conftest -g -O2   conftest.c  >&5
conftest.c:48:6: warning: conflicting types for built-in function 'memcmp' [-Wbuiltin-declaration-mismatch]
 char memcmp ();
      ^~~~~~
configure:20720: $? = 0
configure:20738: result: yes
configure:20658: checking for memchr
configure:20714: gcc -o conftest -g -O2   conftest.c  >&5
conftest.c:49:6: warning: conflicting types for built-in function 'memchr' [-Wbuiltin-declaration-mismatch]
 char memchr ();
      ^~~~~~
configure:20720: $? = 0
configure:20738: result: yes
configure:20658: checking for memcpy
configure:20714: gcc -o conftest -g -O2   conftest.c  >&5
conftest.c:50:6: warning: conflicting types for built-in function 'memcpy' [-Wbuiltin-declaration-mismatch]
 char memcpy ();
      ^~~~~~
configure:20720: $? = 0
configure:20738: result: yes
configure:20658: checking for strlen
configure:20714: gcc -o conftest -g -O2   conftest.c  >&5
conftest.c:51:6: warning: conflicting types for built-in function 'strlen' [-Wbuiltin-declaration-mismatch]
 char strlen ();
      ^~~~~~
configure:20720: $? = 0
configure:20738: result: yes
configure:20658: checking for malloc
configure:20714: gcc -o conftest -g -O2   conftest.c  >&5
conftest.c:52:6: warning: conflicting types for built-in function 'malloc' [-Wbuiltin-declaration-mismatch]
 char malloc ();
      ^~~~~~
configure:20720: $? = 0
configure:20738: result: yes
configure:20658: checking for free
configure:20714: gcc -o conftest -g -O2   conftest.c  >&5
conftest.c:53:6: warning: conflicting types for built-in function 'free' [-Wbuiltin-declaration-mismatch]
 char free ();
      ^~~~
configure:20720: $? = 0
configure:20738: result: yes
configure:20658: checking for realloc
configure:20714: gcc -o conftest -g -O2   conftest.c  >&5
conftest.c:54:6: warning: conflicting types for built-in function 'realloc' [-Wbuiltin-declaration-mismatch]
 char realloc ();
      ^~~~~~~
configure:20720: $? = 0
configure:20738: result: yes
configure:20865: creating ./config.status

## ---------------------- ##
## Running config.status. ##
## ---------------------- ##

This file was extended by libxdiff config.status 0.23, which was
generated by GNU Autoconf 2.61.  Invocation command line was

  CONFIG_FILES    = 
  CONFIG_HEADERS  = 
  CONFIG_LINKS    = 
  CONFIG_COMMANDS = 
  $ ./config.status 

on 025bd58ef796

config.status:666: creating Makefile
config.status:666: creating xdiff/Makefile
config.status:666: creating test/Makefile
config.status:666: creating tools/Makefile
config.status:666: creating man/Makefile
config.status:666: creating config.h
config.status:898: config.h is unchanged
config.status:944: executing depfiles commands

## ---------------- ##
## Cache variables. ##
## ---------------- ##

ac_cv_build=aarch64-unknown-linux-gnu
ac_cv_c_bigendian=no
ac_cv_c_compiler_gnu=yes
ac_cv_c_const=yes
ac_cv_c_inline=inline
ac_cv_c_volatile=yes
ac_cv_cxx_compiler_gnu=yes
ac_cv_env_CCC_set=
ac_cv_env_CCC_value=
ac_cv_env_CC_set=
ac_cv_env_CC_value=
ac_cv_env_CFLAGS_set=
ac_cv_env_CFLAGS_value=
ac_cv_env_CPPFLAGS_set=
ac_cv_env_CPPFLAGS_value=
ac_cv_env_CPP_set=
ac_cv_env_CPP_value=
ac_cv_env_CXXCPP_set=
ac_cv_env_CXXCPP_value=
ac_cv_env_CXXFLAGS_set=
ac_cv_env_CXXFLAGS_value=
ac_cv_env_CXX_set=
ac_cv_env_CXX_value=
ac_cv_env_F77_set=
ac_cv_env_F77_value=
ac_cv_env_FFLAGS_set=
ac_cv_env_FFLAGS_value=
ac_cv_env_LDFLAGS_set=
ac_cv_env_LDFLAGS_value=
ac_cv_env_LIBS_set=
ac_cv_env_LIBS_value=
ac_cv_env_build_alias_set=set
ac_cv_env_build_alias_value=aarch64-unknown-linux-gnu
ac_cv_env_host_alias_set=
ac_cv_env_host_alias_value=
ac_cv_env_target_alias_set=
ac_cv_env_target_alias_value=
ac_cv_f77_compiler_gnu=no
ac_cv_func_free=yes
ac_cv_func_malloc=yes
ac_cv_func_memchr=yes
ac_cv_func_memcmp=yes
ac_cv_func_memcpy=yes
ac_cv_func_memset=yes
ac_cv_func_realloc=yes
ac_cv_func_strlen=yes
ac_cv_header_dlfcn_h=yes
ac_cv_header_inttypes_h=yes
ac_cv_header_limits_h=yes
ac_cv_header_memory_h=yes
ac_cv_header_stdc=yes
ac_cv_header_stdint_h=yes
ac_cv_header_stdio_h=yes
ac_cv_header_stdlib_h=yes
ac_cv_header_string_h=yes
ac_cv_header_strings_h=yes
ac_cv_header_sys_stat_h=yes
ac_cv_header_sys_types_h=yes
ac_cv_header_unistd_h=yes
ac_cv_host=aarch64-unknown-linux-gnu
ac_cv_objext=o
ac_cv_path_EGREP='/bin/grep -E'
ac_cv_path_GREP=/bin/grep
ac_cv_path_install='/usr/bin/install -c'
ac_cv_prog_AWK=mawk
ac_cv_prog_CPP='gcc -E'
ac_cv_prog_CXXCPP='g++ -E'
ac_cv_prog_ac_ct_AR=ar
ac_cv_prog_ac_ct_CC=gcc
ac_cv_prog_ac_ct_CXX=g++
ac_cv_prog_ac_ct_RANLIB=ranlib
ac_cv_prog_ac_ct_STRIP=strip
ac_cv_prog_cc_c89=
ac_cv_prog_cc_g=yes
ac_cv_prog_cxx_g=yes
ac_cv_prog_f77_g=no
ac_cv_prog_make_make_set=yes
am_cv_CC_dependencies_compiler_type=gcc3
am_cv_CXX_dependencies_compiler_type=gcc3
lt_cv_deplibs_check_method=pass_all
lt_cv_file_magic_cmd='$MAGIC_CMD'
lt_cv_file_magic_test_file=
lt_cv_ld_reload_flag=-r
lt_cv_objdir=.libs
lt_cv_path_LD=/usr/bin/ld
lt_cv_path_LDCXX=/usr/bin/ld
lt_cv_path_NM='/usr/bin/nm -B'
lt_cv_path_SED=/bin/sed
lt_cv_prog_compiler_c_o=yes
lt_cv_prog_compiler_c_o_CXX=yes
lt_cv_prog_compiler_pic_works=yes
lt_cv_prog_compiler_pic_works_CXX=yes
lt_cv_prog_compiler_rtti_exceptions=no
lt_cv_prog_compiler_static_works=yes
lt_cv_prog_compiler_static_works_CXX=yes
lt_cv_prog_gnu_ld=yes
lt_cv_prog_gnu_ldcxx=yes
lt_cv_sys_global_symbol_pipe='sed -n -e '\''s/^.*[ 	]\([ABCDGIRSTW][ABCDGIRSTW]*\)[ 	][ 	]*\([_A-Za-z][_A-Za-z0-9]*\)$/\1 \2 \2/p'\'''
lt_cv_sys_global_symbol_to_c_name_address='sed -n -e '\''s/^: \([^ ]*\) $/  {\"\1\", (lt_ptr) 0},/p'\'' -e '\''s/^[BCDEGRST] \([^ ]*\) \([^ ]*\)$/  {"\2", (lt_ptr) \&\2},/p'\'''
lt_cv_sys_global_symbol_to_cdecl='sed -n -e '\''s/^. .* \(.*\)$/extern int \1;/p'\'''
lt_cv_sys_lib_dlsearch_path_spec='/lib /usr/lib /usr/local/lib/aarch64-linux-gnu /lib/aarch64-linux-gnu /usr/lib/aarch64-linux-gnu /usr/local/lib '
lt_cv_sys_lib_search_path_spec='/usr/lib/gcc/aarch64-linux-gnu/8 /usr/lib/aarch64-linux-gnu /usr/lib /lib/aarch64-linux-gnu /lib'
lt_cv_sys_max_cmd_len=1572864
lt_lt_cv_prog_compiler_c_o='"yes"'
lt_lt_cv_prog_compiler_c_o_CXX='"yes"'
lt_lt_cv_sys_global_symbol_pipe='"sed -n -e '\''s/^.*[ 	]\\([ABCDGIRSTW][ABCDGIRSTW]*\\)[ 	][ 	]*\\([_A-Za-z][_A-Za-z0-9]*\\)\$/\\1 \\2 \\2/p'\''"'
lt_lt_cv_sys_global_symbol_to_c_name_address='"sed -n -e '\''s/^: \\([^ ]*\\) \$/  {\\\"\\1\\\", (lt_ptr) 0},/p'\'' -e '\''s/^[BCDEGRST] \\([^ ]*\\) \\([^ ]*\\)\$/  {\"\\2\", (lt_ptr) \\&\\2},/p'\''"'
lt_lt_cv_sys_global_symbol_to_cdecl='"sed -n -e '\''s/^. .* \\(.*\\)\$/extern int \\1;/p'\''"'

## ----------------- ##
## Output variables. ##
## ----------------- ##

ACLOCAL='${SHELL} /ext/libxdiff-0.23/missing --run aclocal-1.9'
AMDEPBACKSLASH='\'
AMDEP_FALSE='#'
AMDEP_TRUE=''
AMTAR='${SHELL} /ext/libxdiff-0.23/missing --run tar'
AR='ar'
AUTOCONF='${SHELL} /ext/libxdiff-0.23/missing --run autoconf'
AUTOHEADER='${SHELL} /ext/libxdiff-0.23/missing --run autoheader'
AUTOMAKE='${SHELL} /ext/libxdiff-0.23/missing --run automake-1.9'
AWK='mawk'
CC='gcc'
CCDEPMODE='depmode=gcc3'
CFLAGS='-g -O2'
CPP='gcc -E'
CPPFLAGS=''
CXX='g++'
CXXCPP='g++ -E'
CXXDEPMODE='depmode=gcc3'
CXXFLAGS='-g -O2'
CYGPATH_W='echo'
DEFS='-DHAVE_CONFIG_H'
DEPDIR='.deps'
DSYMUTIL=''
ECHO='echo'
ECHO_C=''
ECHO_N='-n'
ECHO_T=''
EGREP='/bin/grep -E'
EXEEXT=''
F77=''
FFLAGS=''
GREP='/bin/grep'
INSTALL_DATA='${INSTALL} -m 644'
INSTALL_PROGRAM='${INSTALL}'
INSTALL_SCRIPT='${INSTALL}'
INSTALL_STRIP_PROGRAM='${SHELL} $(install_sh) -c -s'
LDFLAGS=''
LIBOBJS=''
LIBS=''
LIBTOOL='$(SHELL) $(top_builddir)/libtool'
LN_S='ln -s'
LTLIBOBJS=''
MAKEINFO='${SHELL} /ext/libxdiff-0.23/missing --run makeinfo'
NMEDIT=''
OBJEXT='o'
PACKAGE='libxdiff'
PACKAGE_BUGREPORT=''
PACKAGE_NAME='libxdiff'
PACKAGE_STRING='libxdiff 0.23'
PACKAGE_TARNAME='libxdiff'
PACKAGE_VERSION='0.23'
PATH_SEPARATOR=':'
RANLIB='ranlib'
SED='/bin/sed'
SET_MAKE=''
SHELL='/bin/bash'
STRIP='strip'
VERSION='0.23'
ac_ct_CC='gcc'
ac_ct_CXX='g++'
ac_ct_F77=''
am__fastdepCC_FALSE='#'
am__fastdepCC_TRUE=''
am__fastdepCXX_FALSE='#'
am__fastdepCXX_TRUE=''
am__include='include'
am__leading_dot='.'
am__quote=''
am__tar='${AMTAR} chof - "$$tardir"'
am__untar='${AMTAR} xf -'
bindir='${exec_prefix}/bin'
build='aarch64-unknown-linux-gnu'
build_alias='aarch64-unknown-linux-gnu'
build_cpu='aarch64'
build_os='linux-gnu'
build_vendor='unknown'
datadir='${datarootdir}'
datarootdir='${prefix}/share'
docdir='${datarootdir}/doc/${PACKAGE_TARNAME}'
dvidir='${docdir}'
exec_prefix='${prefix}'
host='aarch64-unknown-linux-gnu'
host_alias=''
host_cpu='aarch64'
host_os='linux-gnu'
host_vendor='unknown'
htmldir='${docdir}'
includedir='${prefix}/include'
infodir='${datarootdir}/info'
install_sh='/ext/libxdiff-0.23/install-sh'
libdir='${exec_prefix}/lib'
libexecdir='${exec_prefix}/libexec'
localedir='${datarootdir}/locale'
localstatedir='${prefix}/var'
mandir='${datarootdir}/man'
mkdir_p='mkdir -p --'
oldincludedir='/usr/include'
pdfdir='${docdir}'
prefix='/usr/local'
program_transform_name='s,x,x,'
psdir='${docdir}'
sbindir='${exec_prefix}/sbin'
sharedstatedir='${prefix}/com'
sysconfdir='${prefix}/etc'
target_alias=''

## ----------- ##
## confdefs.h. ##
## ----------- ##

#define PACKAGE_NAME "libxdiff"
#define PACKAGE_TARNAME "libxdiff"
#define PACKAGE_VERSION "0.23"
#define PACKAGE_STRING "libxdiff 0.23"
#define PACKAGE_BUGREPORT ""
#define PACKAGE "libxdiff"
#define VERSION "0.23"
#define STDC_HEADERS 1
#define HAVE_SYS_TYPES_H 1
#define HAVE_SYS_STAT_H 1
#define HAVE_STDLIB_H 1
#define HAVE_STRING_H 1
#define HAVE_MEMORY_H 1
#define HAVE_STRINGS_H 1
#define HAVE_INTTYPES_H 1
#define HAVE_STDINT_H 1
#define HAVE_UNISTD_H 1
#define HAVE_DLFCN_H 1
#define STDC_HEADERS 1
#define HAVE_STDIO_H 1
#define HAVE_LIMITS_H 1
#define HAVE_MEMSET 1
#define HAVE_MEMCMP 1
#define HAVE_MEMCHR 1
#define HAVE_MEMCPY 1
#define HAVE_STRLEN 1
#define HAVE_MALLOC 1
#define HAVE_FREE 1
#define HAVE_REALLOC 1

configure: exit 0
